Mplus VERSION 7.2
MUTHEN & MUTHEN
05/13/2018  10:44 PM

INPUT INSTRUCTIONS

   TITLE:	ECLS-K data, Slopes-as-outcomes;
    DATA:	FILE = ecls-k.dat;
    VARIABLE:	NAMES = S5ID TVHours ClassSize ReadingScore PctFRL;
    	WITHIN = TVHours;
    	BETWEEN = PctFRL;
    	CLUSTER = S5ID;
      USEVARIABLES = TVHours S5ID ReadingScore PctFRL;
      MISSING = .;
    ANALYSIS:	TYPE = TWOLEVEL RANDOM;
    MODEL:
    	%WITHIN%	
    	Slope | ReadingScore ON TVHours;
    	%BETWEEN%
      Slope ON PctFRL;
    	ReadingScore ON PctFRL;



*** WARNING in VARIABLE command
  Note that only the first 8 characters of variable names are used in the output.
  Shorten variable names to avoid any confusion.
*** WARNING
  Data set contains cases with missing on all variables.
  These cases were not included in the analysis.
  Number of cases with missing on all variables:  26
*** WARNING
  Data set contains cases with missing on x-variables.
  These cases were not included in the analysis.
  Number of cases with missing on x-variables:  5388
*** WARNING
  Data set contains cases with missing on all variables except
  x-variables.  These cases were not included in the analysis.
  Number of cases with missing on all variables except x-variables:  110
   4 WARNING(S) FOUND IN THE INPUT INSTRUCTIONS



ECLS-K data, Slopes-as-outcomes;

SUMMARY OF ANALYSIS

Number of groups                                                 1
Number of observations                                        9781

Number of dependent variables                                    1
Number of independent variables                                  2
Number of continuous latent variables                            1

Observed dependent variables

  Continuous
   READINGSCO

Observed independent variables
   TVHOURS     PCTFRL

Continuous latent variables
   SLOPE

Variables with special functions

  Cluster variable      S5ID

  Within variables
   TVHOURS

  Between variables
   PCTFRL


Estimator                                                      MLR
Information matrix                                        OBSERVED
Maximum number of iterations                                   100
Convergence criterion                                    0.100D-05
Maximum number of EM iterations                                500
Convergence criteria for the EM algorithm
  Loglikelihood change                                   0.100D-02
  Relative loglikelihood change                          0.100D-05
  Derivative                                             0.100D-03
Minimum variance                                         0.100D-03
Maximum number of steepest descent iterations                   20
Maximum number of iterations for H1                           2000
Convergence criterion for H1                             0.100D-03
Optimization algorithm                                         EMA

Input data file(s)
  ecls-k.dat
Input data format  FREE


SUMMARY OF DATA

     Number of missing data patterns             1
     Number of clusters                       1597



COVARIANCE COVERAGE OF DATA

Minimum covariance coverage value   0.100


     PROPORTION OF DATA PRESENT


           Covariance Coverage
              READINGS      TVHOURS       PCTFRL
              ________      ________      ________
 READINGS       1.000
 TVHOURS        1.000         1.000
 PCTFRL         1.000         1.000         1.000



THE MODEL ESTIMATION TERMINATED NORMALLY



MODEL FIT INFORMATION

Number of Free Parameters                        7

Loglikelihood

          H0 Value                      -41133.148
          H0 Scaling Correction Factor      1.0386
            for MLR

Information Criteria

          Akaike (AIC)                   82280.296
          Bayesian (BIC)                 82330.613
          Sample-Size Adjusted BIC       82308.368
            (n* = (n + 2) / 24)



MODEL RESULTS

                                                    Two-Tailed
                    Estimate       S.E.  Est./S.E.    P-Value

Within Level

 Residual Variances
    READINGSCO       242.521      3.945     61.477      0.000

Between Level

 SLOPE      ON
    PCTFRL             0.023      0.007      3.124      0.002

 READINGSCO ON
    PCTFRL            -0.223      0.010    -21.491      0.000

 Intercepts
    READINGSCO        93.163      0.447    208.626      0.000
    SLOPE             -1.907      0.326     -5.857      0.000

 Residual Variances
    READINGSCO        28.648      3.070      9.332      0.000
    SLOPE              1.616      1.040      1.553      0.120


QUALITY OF NUMERICAL RESULTS

     Condition Number for the Information Matrix              0.502E-05
       (ratio of smallest to largest eigenvalue)


DIAGRAM INFORMATION

  Mplus diagrams are currently not available for multilevel analysis.
  No diagram output was produced.


     Beginning Time:  22:44:05
        Ending Time:  22:44:07
       Elapsed Time:  00:00:02



MUTHEN & MUTHEN
3463 Stoner Ave.
Los Angeles, CA  90066

Tel: (310) 391-9971
Fax: (310) 391-8971
Web: www.StatModel.com
Support: Support@StatModel.com

Copyright (c) 1998-2014 Muthen & Muthen
